<?xml version="1.0" encoding="UTF-8"?>
<!-- Generated by org.testng.reporters.JUnitReportReporter -->
<testsuite hostname="BIT-Nagulmeera01" failures="0" tests="1" name="Testcases.NewTest" time="15.109" errors="0" timestamp="2025-05-24T22:46:43 IST" skipped="0">
  <testcase classname="Testcases.NewTest" name="f" time="15.109"/>
  <system-out/>
</testsuite> <!-- Testcases.NewTest -->
