<?xml version="1.0" encoding="UTF-8"?>
<!-- Generated by org.testng.reporters.JUnitReportReporter -->
<testsuite hostname="BIT-Nagulmeera01" failures="0" tests="1" name="Testcases.NewTest" time="10.665" errors="0" timestamp="2025-05-15T07:20:13 IST" skipped="0">
  <testcase classname="Testcases.NewTest" name="f" time="10.665"/>
  <system-out/>
</testsuite> <!-- Testcases.NewTest -->
